<?xml version="1.0" encoding="UTF-8"?>
<!-- Generated by org.testng.reporters.JUnitReportReporter -->
<testsuite hostname="LAPTOP-VDOVF2C0" failures="0" tests="3" name="org.fb.ParallelExecution" time="0.028" errors="0" timestamp="21 Jan 2022 08:04:09 GMT" skipped="0">
  <testcase classname="org.fb.ParallelExecution" name="tc3" time="0.002"/>
  <testcase classname="org.fb.ParallelExecution" name="tc1" time="0.023"/>
  <testcase classname="org.fb.ParallelExecution" name="tc2" time="0.003"/>
</testsuite> <!-- org.fb.ParallelExecution -->
