<?xml version="1.0" encoding="UTF-8"?>
<!-- Generated by org.testng.reporters.JUnitReportReporter -->
<testsuite hostname="LAPTOP-VDOVF2C0" failures="0" tests="1" name="org.demositeqa.DemoQaTestng" time="43.468" errors="0" timestamp="11 Jan 2022 11:38:48 GMT">
  <testcase classname="org.demositeqa.DemoQaTestng" name="tc1" time="43.468"/>
</testsuite> <!-- org.demositeqa.DemoQaTestng -->
