<?xml version="1.0" encoding="UTF-8"?>
<!-- Generated by org.testng.reporters.JUnitReportReporter -->
<testsuite hostname="LAPTOP-VDOVF2C0" failures="0" tests="1" name="org.fb.Grouping" time="25.274" errors="0" timestamp="22 Jan 2022 05:56:59 GMT">
  <testcase classname="org.fb.Grouping" name="tc4" time="25.274"/>
</testsuite> <!-- org.fb.Grouping -->
