<?xml version="1.0" encoding="UTF-8"?>
<!-- Generated by org.testng.reporters.JUnitReportReporter -->
<testsuite hostname="LAPTOP-VDOVF2C0" failures="0" tests="4" name="org.fb.TestCaseNG" time="99.505" errors="0" timestamp="22 Jan 2022 05:56:59 GMT">
  <testcase classname="org.fb.TestCaseNG" name="tc7" time="24.197"/>
  <testcase classname="org.fb.TestCaseNG" name="tc7" time="24.369"/>
  <testcase classname="org.fb.TestCaseNG" name="tc7" time="26.195"/>
  <testcase classname="org.fb.TestCaseNG" name="tc8" time="24.744"/>
</testsuite> <!-- org.fb.TestCaseNG -->
