<?xml version="1.0" encoding="UTF-8"?>
<!-- Generated by org.testng.reporters.JUnitReportReporter -->
<testsuite hostname="LAPTOP-VDOVF2C0" failures="0" tests="1" name="org.flipkart.FlipkartLoginTestng" time="41.915" errors="0" timestamp="21 Jan 2022 13:23:03 GMT" skipped="0">
  <testcase classname="org.flipkart.FlipkartLoginTestng" name="tc" time="41.915"/>
</testsuite> <!-- org.flipkart.FlipkartLoginTestng -->
