<?xml version="1.0" encoding="UTF-8"?>
<!-- Generated by org.testng.reporters.JUnitReportReporter -->
<testsuite hostname="LAPTOP-VDOVF2C0" failures="0" tests="3" name="org.fb.FbloginTestNG" time="14.977" errors="0" timestamp="21 Jan 2022 07:07:21 GMT">
  <testcase classname="org.fb.FbloginTestNG" name="tc" time="4.631"/>
  <testcase classname="org.fb.FbloginTestNG" name="tc3" time="4.833"/>
  <testcase classname="org.fb.FbloginTestNG" name="tc3" time="5.513"/>
</testsuite> <!-- org.fb.FbloginTestNG -->
