<?xml version="1.0" encoding="UTF-8"?>
<!-- Generated by org.testng.reporters.JUnitReportReporter -->
<testsuite hostname="LAPTOP-VDOVF2C0" failures="0" tests="3" name="org.fb.ParallelExecutionA" time="0.035" errors="0" timestamp="21 Jan 2022 07:37:12 GMT">
  <testcase classname="org.fb.ParallelExecutionA" name="tc4" time="0.028"/>
  <testcase classname="org.fb.ParallelExecutionA" name="tc6" time="0.003"/>
  <testcase classname="org.fb.ParallelExecutionA" name="tc5" time="0.004"/>
</testsuite> <!-- org.fb.ParallelExecutionA -->
