<?xml version="1.0" encoding="UTF-8"?>
<!-- Generated by org.testng.reporters.JUnitReportReporter -->
<testsuite hostname="LAPTOP-VDOVF2C0" failures="0" tests="1" name="org.adactinhotel.AdactinHotelTestng" time="17.113" errors="0" timestamp="11 Jan 2022 11:16:57 GMT">
  <testcase classname="org.adactinhotel.AdactinHotelTestng" name="tc" time="17.113"/>
</testsuite> <!-- org.adactinhotel.AdactinHotelTestng -->
