<?xml version="1.0" encoding="UTF-8"?>
<!-- Generated by org.testng.reporters.JUnitReportReporter -->
<testsuite hostname="LAPTOP-VDOVF2C0" failures="0" tests="2" name="org.fb.ParallelExecutionB" time="0.035" errors="0" timestamp="21 Jan 2022 07:37:12 GMT">
  <testcase classname="org.fb.ParallelExecutionB" name="tc7" time="0.028"/>
  <testcase classname="org.fb.ParallelExecutionB" name="tc8" time="0.007"/>
</testsuite> <!-- org.fb.ParallelExecutionB -->
