<?xml version="1.0" encoding="UTF-8"?>
<!-- Generated by org.testng.reporters.JUnitReportReporter -->
<testsuite hostname="LAPTOP-VDOVF2C0" failures="0" tests="1" name="org.redbus.RedbusTestng" time="10.623" errors="0" timestamp="11 Jan 2022 11:10:50 GMT">
  <testcase classname="org.redbus.RedbusTestng" name="tc" time="10.623"/>
</testsuite> <!-- org.redbus.RedbusTestng -->
