<?xml version="1.0" encoding="UTF-8"?>
<!-- Generated by org.testng.reporters.JUnitReportReporter -->
<testsuite hostname="LAPTOP-VDOVF2C0" failures="0" tests="2" name="org.example.FbLoginTestng" time="10.691" errors="0" timestamp="21 Jan 2022 08:05:37 GMT" skipped="0">
  <testcase classname="org.example.FbLoginTestng" name="tc1" time="4.684"/>
  <testcase classname="org.example.FbLoginTestng" name="tc2" time="6.007"/>
</testsuite> <!-- org.example.FbLoginTestng -->
